[  0%] Built target ament_cmake_python_symlink_bumperbot_controller
[100%] Built target simple_controller
Traceback (most recent call last):
  File "/Users/danitruc/bumperbot_ws/build/bumperbot_controller/ament_cmake_python/bumperbot_controller/setup.py", line 1, in <module>
    from setuptools import find_packages
  File "/Users/danitruc/miniforge3/envs/ros2_env/lib/python3.11/site-packages/setuptools/__init__.py", line 10, in <module>
    import distutils.core
ModuleNotFoundError: No module named 'distutils'
make[2]: *** [CMakeFiles/ament_cmake_python_build_bumperbot_controller_egg.dir/build.make:70: CMakeFiles/ament_cmake_python_build_bumperbot_controller_egg] Error 1
make[1]: *** [CMakeFiles/Makefile2:192: CMakeFiles/ament_cmake_python_build_bumperbot_controller_egg.dir/all] Error 2
make: *** [Makefile:146: all] Error 2
