[0.018s] Invoking command in '/Users/danitruc/bumperbot_ws/build/bumperbot_controller': SHLVL=2 _=/Users/danitruc/miniforge3/envs/ros2_env/bin/env __CF_USER_TEXT_ENCODING=0x1F5:0x0:0x0 /Users/danitruc/miniforge3/envs/ros2_env/bin/cmake --build /Users/danitruc/bumperbot_ws/build/bumperbot_controller -- -j8 -l8
[0.166s] [  0%] Built target ament_cmake_python_symlink_bumperbot_controller
[0.175s] [100%] Built target simple_controller
[0.247s] Traceback (most recent call last):
[0.247s]   File "/Users/danitruc/bumperbot_ws/build/bumperbot_controller/ament_cmake_python/bumperbot_controller/setup.py", line 1, in <module>
[0.247s]     from setuptools import find_packages
[0.247s]   File "/Users/danitruc/miniforge3/envs/ros2_env/lib/python3.11/site-packages/setuptools/__init__.py", line 10, in <module>
[0.247s]     import distutils.core
[0.247s] ModuleNotFoundError: No module named 'distutils'
[0.250s] make[2]: *** [CMakeFiles/ament_cmake_python_build_bumperbot_controller_egg.dir/build.make:70: CMakeFiles/ament_cmake_python_build_bumperbot_controller_egg] Error 1
[0.250s] make[1]: *** [CMakeFiles/Makefile2:192: CMakeFiles/ament_cmake_python_build_bumperbot_controller_egg.dir/all] Error 2
[0.251s] make: *** [Makefile:146: all] Error 2
[0.252s] Invoked command in '/Users/danitruc/bumperbot_ws/build/bumperbot_controller' returned '2': SHLVL=2 _=/Users/danitruc/miniforge3/envs/ros2_env/bin/env __CF_USER_TEXT_ENCODING=0x1F5:0x0:0x0 /Users/danitruc/miniforge3/envs/ros2_env/bin/cmake --build /Users/danitruc/bumperbot_ws/build/bumperbot_controller -- -j8 -l8
