-- The C compiler identification is Clang 16.0.6
-- The CXX compiler identification is Clang 16.0.6
-- Detecting C compiler ABI info
-- Detecting C compiler ABI info - done
-- Check for working C compiler: /Users/danitruc/miniforge3/envs/ros2_env/bin/arm64-apple-darwin20.0.0-clang - skipped
-- Detecting C compile features
-- Detecting C compile features - done
-- Detecting CXX compiler ABI info
-- Detecting CXX compiler ABI info - done
-- Check for working CXX compiler: /Users/danitruc/miniforge3/envs/ros2_env/bin/arm64-apple-darwin20.0.0-clang++ - skipped
-- Detecting CXX compile features
-- Detecting CXX compile features - done
-- Found ament_cmake: 1.3.7 (/Users/danitruc/miniforge3/envs/ros2_env/share/ament_cmake/cmake)
-- Found Python3: /opt/homebrew/Frameworks/Python.framework/Versions/3.12/bin/python3.12 (found version "3.12.5") found components: Interpreter 
-- Override CMake install command with custom implementation using symlinks instead of copying resources
-- Found rclcpp: 16.0.8 (/Users/danitruc/miniforge3/envs/ros2_env/share/rclcpp/cmake)
-- Found rosidl_generator_c: 3.1.5 (/Users/danitruc/miniforge3/envs/ros2_env/share/rosidl_generator_c/cmake)
-- Found rosidl_adapter: 3.1.5 (/Users/danitruc/miniforge3/envs/ros2_env/share/rosidl_adapter/cmake)
-- Found rosidl_generator_cpp: 3.1.5 (/Users/danitruc/miniforge3/envs/ros2_env/share/rosidl_generator_cpp/cmake)
-- Using all available rosidl_typesupport_c: rosidl_typesupport_fastrtps_c;rosidl_typesupport_introspection_c
-- Using all available rosidl_typesupport_cpp: rosidl_typesupport_fastrtps_cpp;rosidl_typesupport_introspection_cpp
-- Checking for module 'yaml-0.1'
--   Found yaml-0.1, version 0.2.5
-- Found rmw_implementation_cmake: 6.1.1 (/Users/danitruc/miniforge3/envs/ros2_env/share/rmw_implementation_cmake/cmake)
-- Found rmw_cyclonedds_cpp: 1.3.4 (/Users/danitruc/miniforge3/envs/ros2_env/share/rmw_cyclonedds_cpp/cmake)
-- Using RMW implementation 'rmw_cyclonedds_cpp' as default
-- Performing Test CMAKE_HAVE_LIBC_PTHREAD
-- Performing Test CMAKE_HAVE_LIBC_PTHREAD - Success
-- Found Threads: TRUE  
-- Found rclpy: 3.3.11 (/Users/danitruc/miniforge3/envs/ros2_env/share/rclpy/cmake)
-- Found geometry_msgs: 4.2.3 (/Users/danitruc/miniforge3/envs/ros2_env/share/geometry_msgs/cmake)
-- Configuring done (5.7s)
-- Generating done (0.0s)
-- Build files have been written to: /Users/danitruc/bumperbot_ws/build/bumperbot_controller
[ 50%] Building CXX object CMakeFiles/simple_controller.dir/src/simple_controller.cpp.o
[ 50%] Built target ament_cmake_python_symlink_bumperbot_controller
Traceback (most recent call last):
  File "/Users/danitruc/bumperbot_ws/build/bumperbot_controller/ament_cmake_python/bumperbot_controller/setup.py", line 1, in <module>
    from setuptools import find_packages
  File "/Users/danitruc/miniforge3/envs/ros2_env/lib/python3.11/site-packages/setuptools/__init__.py", line 10, in <module>
    import distutils.core
ModuleNotFoundError: No module named 'distutils'
make[2]: *** [CMakeFiles/ament_cmake_python_build_bumperbot_controller_egg.dir/build.make:70: CMakeFiles/ament_cmake_python_build_bumperbot_controller_egg] Error 1
make[1]: *** [CMakeFiles/Makefile2:192: CMakeFiles/ament_cmake_python_build_bumperbot_controller_egg.dir/all] Error 2
make[1]: *** Waiting for unfinished jobs....
[100%] Linking CXX executable simple_controller
[100%] Built target simple_controller
make: *** [Makefile:146: all] Error 2
