[0.039s] Invoking command in '/Users/danitruc/bumperbot_ws/build/bumperbot_controller': SHLVL=2 _=/Users/danitruc/miniforge3/envs/ros2_env/bin/env __CF_USER_TEXT_ENCODING=0x1F5:0x0:0x0 /Users/danitruc/miniforge3/envs/ros2_env/bin/cmake /Users/danitruc/bumperbot_ws/src/bumperbot_controller -DAMENT_CMAKE_SYMLINK_INSTALL=1 -DCMAKE_INSTALL_PREFIX=/Users/danitruc/bumperbot_ws/install/bumperbot_controller
[0.679s] -- The C compiler identification is Clang 16.0.6
[0.819s] -- The CXX compiler identification is Clang 16.0.6
[0.877s] -- Detecting C compiler ABI info
[1.257s] -- Detecting C compiler ABI info - done
[1.267s] -- Check for working C compiler: /Users/danitruc/miniforge3/envs/ros2_env/bin/arm64-apple-darwin20.0.0-clang - skipped
[1.268s] -- Detecting C compile features
[1.269s] -- Detecting C compile features - done
[1.330s] -- Detecting CXX compiler ABI info
[1.657s] -- Detecting CXX compiler ABI info - done
[1.666s] -- Check for working CXX compiler: /Users/danitruc/miniforge3/envs/ros2_env/bin/arm64-apple-darwin20.0.0-clang++ - skipped
[1.666s] -- Detecting CXX compile features
[1.667s] -- Detecting CXX compile features - done
[1.702s] -- Found ament_cmake: 1.3.7 (/Users/danitruc/miniforge3/envs/ros2_env/share/ament_cmake/cmake)
[2.964s] -- Found Python3: /opt/homebrew/Frameworks/Python.framework/Versions/3.12/bin/python3.12 (found version "3.12.5") found components: Interpreter 
[3.075s] -- Override CMake install command with custom implementation using symlinks instead of copying resources
[3.378s] -- Found rclcpp: 16.0.8 (/Users/danitruc/miniforge3/envs/ros2_env/share/rclcpp/cmake)
[3.643s] -- Found rosidl_generator_c: 3.1.5 (/Users/danitruc/miniforge3/envs/ros2_env/share/rosidl_generator_c/cmake)
[3.695s] -- Found rosidl_adapter: 3.1.5 (/Users/danitruc/miniforge3/envs/ros2_env/share/rosidl_adapter/cmake)
[3.745s] -- Found rosidl_generator_cpp: 3.1.5 (/Users/danitruc/miniforge3/envs/ros2_env/share/rosidl_generator_cpp/cmake)
[3.812s] -- Using all available rosidl_typesupport_c: rosidl_typesupport_fastrtps_c;rosidl_typesupport_introspection_c
[3.907s] -- Using all available rosidl_typesupport_cpp: rosidl_typesupport_fastrtps_cpp;rosidl_typesupport_introspection_cpp
[4.205s] -- Checking for module 'yaml-0.1'
[4.351s] --   Found yaml-0.1, version 0.2.5
[4.830s] -- Found rmw_implementation_cmake: 6.1.1 (/Users/danitruc/miniforge3/envs/ros2_env/share/rmw_implementation_cmake/cmake)
[4.853s] -- Found rmw_cyclonedds_cpp: 1.3.4 (/Users/danitruc/miniforge3/envs/ros2_env/share/rmw_cyclonedds_cpp/cmake)
[4.974s] -- Using RMW implementation 'rmw_cyclonedds_cpp' as default
[5.027s] -- Performing Test CMAKE_HAVE_LIBC_PTHREAD
[5.257s] -- Performing Test CMAKE_HAVE_LIBC_PTHREAD - Success
[5.258s] -- Found Threads: TRUE  
[5.455s] -- Found rclpy: 3.3.11 (/Users/danitruc/miniforge3/envs/ros2_env/share/rclpy/cmake)
[5.467s] -- Found geometry_msgs: 4.2.3 (/Users/danitruc/miniforge3/envs/ros2_env/share/geometry_msgs/cmake)
[5.828s] -- Configuring done (5.7s)
[5.880s] -- Generating done (0.0s)
[5.886s] -- Build files have been written to: /Users/danitruc/bumperbot_ws/build/bumperbot_controller
[5.891s] Invoked command in '/Users/danitruc/bumperbot_ws/build/bumperbot_controller' returned '0': SHLVL=2 _=/Users/danitruc/miniforge3/envs/ros2_env/bin/env __CF_USER_TEXT_ENCODING=0x1F5:0x0:0x0 /Users/danitruc/miniforge3/envs/ros2_env/bin/cmake /Users/danitruc/bumperbot_ws/src/bumperbot_controller -DAMENT_CMAKE_SYMLINK_INSTALL=1 -DCMAKE_INSTALL_PREFIX=/Users/danitruc/bumperbot_ws/install/bumperbot_controller
[5.892s] Invoking command in '/Users/danitruc/bumperbot_ws/build/bumperbot_controller': SHLVL=2 _=/Users/danitruc/miniforge3/envs/ros2_env/bin/env __CF_USER_TEXT_ENCODING=0x1F5:0x0:0x0 /Users/danitruc/miniforge3/envs/ros2_env/bin/cmake --build /Users/danitruc/bumperbot_ws/build/bumperbot_controller -- -j8 -l8
[5.999s] [ 50%] Building CXX object CMakeFiles/simple_controller.dir/src/simple_controller.cpp.o
[6.014s] [ 50%] Built target ament_cmake_python_symlink_bumperbot_controller
[6.073s] Traceback (most recent call last):
[6.074s]   File "/Users/danitruc/bumperbot_ws/build/bumperbot_controller/ament_cmake_python/bumperbot_controller/setup.py", line 1, in <module>
[6.074s]     from setuptools import find_packages
[6.074s]   File "/Users/danitruc/miniforge3/envs/ros2_env/lib/python3.11/site-packages/setuptools/__init__.py", line 10, in <module>
[6.074s]     import distutils.core
[6.074s] ModuleNotFoundError: No module named 'distutils'
[6.077s] make[2]: *** [CMakeFiles/ament_cmake_python_build_bumperbot_controller_egg.dir/build.make:70: CMakeFiles/ament_cmake_python_build_bumperbot_controller_egg] Error 1
[6.077s] make[1]: *** [CMakeFiles/Makefile2:192: CMakeFiles/ament_cmake_python_build_bumperbot_controller_egg.dir/all] Error 2
[6.078s] make[1]: *** Waiting for unfinished jobs....
[12.832s] [100%] Linking CXX executable simple_controller
[12.934s] [100%] Built target simple_controller
[12.934s] make: *** [Makefile:146: all] Error 2
[12.936s] Invoked command in '/Users/danitruc/bumperbot_ws/build/bumperbot_controller' returned '2': SHLVL=2 _=/Users/danitruc/miniforge3/envs/ros2_env/bin/env __CF_USER_TEXT_ENCODING=0x1F5:0x0:0x0 /Users/danitruc/miniforge3/envs/ros2_env/bin/cmake --build /Users/danitruc/bumperbot_ws/build/bumperbot_controller -- -j8 -l8
